2023-05-21 19:01:16,544 - root - INFO - +-------------------+----------------------------------------------------------+
| Parameter         | Value                                                    |
+-------------------+----------------------------------------------------------+
| N_exp             | 100                                                      |
+-------------------+----------------------------------------------------------+
| activation        | relu                                                     |
+-------------------+----------------------------------------------------------+
| adj_dropout       | 0.500                                                    |
+-------------------+----------------------------------------------------------+
| alpha             | 0.100                                                    |
+-------------------+----------------------------------------------------------+
| assign_ratio      | 0.100                                                    |
+-------------------+----------------------------------------------------------+
| batch_size        | 20                                                       |
+-------------------+----------------------------------------------------------+
| bias              | 1                                                        |
+-------------------+----------------------------------------------------------+
| bn                | 0                                                        |
+-------------------+----------------------------------------------------------+
| ckptdir           | ckpt                                                     |
+-------------------+----------------------------------------------------------+
| clip              | 2                                                        |
+-------------------+----------------------------------------------------------+
| compare_model     | 0                                                        |
+-------------------+----------------------------------------------------------+
| cuda              | 1                                                        |
+-------------------+----------------------------------------------------------+
| cuda_num          | 0                                                        |
+-------------------+----------------------------------------------------------+
| datadir           | data                                                     |
+-------------------+----------------------------------------------------------+
| dataset           | Cora                                                     |
+-------------------+----------------------------------------------------------+
| dataset_name      | dataset/G_1000_pairs_depth_4_width_1_hdim_16_gap_True.pt |
+-------------------+----------------------------------------------------------+
| dim_hidden        | 64                                                       |
+-------------------+----------------------------------------------------------+
| dropout           | 0.500                                                    |
+-------------------+----------------------------------------------------------+
| edge_dropout      | 0.200                                                    |
+-------------------+----------------------------------------------------------+
| embedding_dropout | 0.600                                                    |
+-------------------+----------------------------------------------------------+
| epochs            | 1000                                                     |
+-------------------+----------------------------------------------------------+
| feature_type      | default                                                  |
+-------------------+----------------------------------------------------------+
| gcn_norm_type     | sym                                                      |
+-------------------+----------------------------------------------------------+
| gpu               | 0                                                        |
+-------------------+----------------------------------------------------------+
| graph_dropout     | 0.200                                                    |
+-------------------+----------------------------------------------------------+
| has_residual_MLP  | 0                                                        |
+-------------------+----------------------------------------------------------+
| hidden_dim        | 20                                                       |
+-------------------+----------------------------------------------------------+
| input_dim         | 10                                                       |
+-------------------+----------------------------------------------------------+
| lamda             | 0.500                                                    |
+-------------------+----------------------------------------------------------+
| layer_agg         | concat                                                   |
+-------------------+----------------------------------------------------------+
| layerwise_dropout | 0                                                        |
+-------------------+----------------------------------------------------------+
| linkpred          | 0                                                        |
+-------------------+----------------------------------------------------------+
| log_file          | 'logs/log.txt'                                           |
+-------------------+----------------------------------------------------------+
| log_file_name     | time_and_memory.log                                      |
+-------------------+----------------------------------------------------------+
| logdir            | log                                                      |
+-------------------+----------------------------------------------------------+
| lr                | 0.005                                                    |
+-------------------+----------------------------------------------------------+
| max_nodes         | 100                                                      |
+-------------------+----------------------------------------------------------+
| method            | base                                                     |
+-------------------+----------------------------------------------------------+
| multi_label       | 0                                                        |
+-------------------+----------------------------------------------------------+
| name_suffix       |                                                          |
+-------------------+----------------------------------------------------------+
| node_norm_type    | n                                                        |
+-------------------+----------------------------------------------------------+
| num_classes       | 7                                                        |
+-------------------+----------------------------------------------------------+
| num_feats         | 1433                                                     |
+-------------------+----------------------------------------------------------+
| num_gc_layers     | 3                                                        |
+-------------------+----------------------------------------------------------+
| num_groups        | None                                                     |
+-------------------+----------------------------------------------------------+
| num_layers        | 4                                                        |
+-------------------+----------------------------------------------------------+
| num_pool          | None                                                     |
+-------------------+----------------------------------------------------------+
| num_workers       | 1                                                        |
+-------------------+----------------------------------------------------------+
| opt               | adam                                                     |
+-------------------+----------------------------------------------------------+
| opt_decay_rate    | None                                                     |
+-------------------+----------------------------------------------------------+
| opt_decay_step    | None                                                     |
+-------------------+----------------------------------------------------------+
| opt_restart       | None                                                     |
+-------------------+----------------------------------------------------------+
| opt_scheduler     | none                                                     |
+-------------------+----------------------------------------------------------+
| output_dim        | 20                                                       |
+-------------------+----------------------------------------------------------+
| patience          | 100                                                      |
+-------------------+----------------------------------------------------------+
| random_seed       | 100                                                      |
+-------------------+----------------------------------------------------------+
| resume            | 0                                                        |
+-------------------+----------------------------------------------------------+
| saved_model_name  | results/best_model                                       |
+-------------------+----------------------------------------------------------+
| skip_weight       | None                                                     |
+-------------------+----------------------------------------------------------+
| test_ratio        | 0.100                                                    |
+-------------------+----------------------------------------------------------+
| train_ratio       | 0.800                                                    |
+-------------------+----------------------------------------------------------+
| transductive      | 1                                                        |
+-------------------+----------------------------------------------------------+
| type_model        | GCN                                                      |
+-------------------+----------------------------------------------------------+
| type_norm         | None                                                     |
+-------------------+----------------------------------------------------------+
| type_split        | Cora                                                     |
+-------------------+----------------------------------------------------------+
| type_trick        | None                                                     |
+-------------------+----------------------------------------------------------+
| weight_decay      | 0.001                                                    |
+-------------------+----------------------------------------------------------+
| weight_decay1     | 0.010                                                    |
+-------------------+----------------------------------------------------------+
| weight_decay2     | 0.001                                                    |
+-------------------+----------------------------------------------------------+
| with_ACM          | 0                                                        |
+-------------------+----------------------------------------------------------+
2023-05-21 19:01:16,552 - root - INFO - seed (which_run) = <0>
2023-05-21 19:01:16,552 - root - INFO - seed (which_run) = <0>
2023-05-21 19:01:18,285 - root - INFO - Epoch: 000, Train loss: 1.946786880, Val loss: 1.944652319, Train acc: 0.142857143, Val acc: 0.149000000, Test acc: 0.149000000
2023-05-21 19:01:18,298 - root - INFO - Epoch: 001, Train loss: 1.944648504, Val loss: 1.943223476, Train acc: 0.142857143, Val acc: 0.149000000, Test acc: 0.149000000
2023-05-21 19:01:18,536 - root - INFO - Epoch: 020, Train loss: 1.682895780, Val loss: 1.702096820, Train acc: 0.521428571, Val acc: 0.401000000, Test acc: 0.401000000
2023-05-21 19:01:18,851 - root - INFO - Epoch: 040, Train loss: 0.612261355, Val loss: 0.903019786, Train acc: 0.964285714, Val acc: 0.740000000, Test acc: 0.740000000
2023-05-21 19:01:19,034 - root - INFO - Epoch: 060, Train loss: 0.167050853, Val loss: 0.795890152, Train acc: 0.971428571, Val acc: 0.784000000, Test acc: 0.784000000
2023-05-21 19:01:19,179 - root - INFO - Epoch: 080, Train loss: 0.088002965, Val loss: 0.851980329, Train acc: 1.000000000, Val acc: 0.784000000, Test acc: 0.784000000
2023-05-21 19:01:19,324 - root - INFO - Epoch: 100, Train loss: 0.096595868, Val loss: 0.851637304, Train acc: 1.000000000, Val acc: 0.790000000, Test acc: 0.790000000
2023-05-21 19:01:19,479 - root - INFO - Epoch: 120, Train loss: 0.072188489, Val loss: 0.959980071, Train acc: 1.000000000, Val acc: 0.779000000, Test acc: 0.779000000
2023-05-21 19:01:19,631 - root - INFO - Epoch: 140, Train loss: 0.097125575, Val loss: 1.055567026, Train acc: 1.000000000, Val acc: 0.769000000, Test acc: 0.769000000
2023-05-21 19:01:19,701 - root - INFO - Early stopping!
2023-05-21 19:01:19,701 - root - INFO - train_loss: 0.340861380, val_acc: 0.784000000, test_acc:0.784000000
2023-05-21 19:01:19,785 - root - INFO - mean and std of train and test acc: train 1.000000000±0.000000000 test 0.784000000±0.000000000
2023-05-21 19:01:19,785 - root - INFO - seed (which_run) = <1>
2023-05-21 19:01:19,785 - root - INFO - seed (which_run) = <1>
2023-05-21 19:01:19,830 - root - INFO - Epoch: 000, Train loss: 1.946573973, Val loss: 1.945000887, Train acc: 0.221428571, Val acc: 0.313000000, Test acc: 0.313000000
2023-05-21 19:01:19,843 - root - INFO - Epoch: 001, Train loss: 1.944827676, Val loss: 1.943275213, Train acc: 0.142857143, Val acc: 0.133000000, Test acc: 0.133000000
